Based on the electrical drawings provided, I'll help create a detailed electrical estimate for this restaurant project. Let me break this down into key components:

Key Project Details:
- New restaurant/bar construction
- Two-story space with dining areas, kitchen, and event space
- Complex lighting system with multiple fixture types
- Significant kitchen equipment power requirements
- Fire alarm system
- Network lighting controls

Quantity Takeoff By Major Categories:

1. Lighting:
- Interior Fixtures: ~380 fixtures of various types
- Emergency Battery Units: 91
- Exit Signs: 36
- Track Lighting: Multiple runs totaling ~300 linear feet
- Lighting Controls: Network system with sensors and switches

2. Power:
- Kitchen Equipment Connections: ~50 pieces
- Convenience Receptacles: ~200
- Special Purpose Outlets: ~30
- Distribution Equipment: Multiple panels (MDP, K1, K2, 1A, KH)

3. Fire Alarm:
- Fire Alarm Control Panel: 1
- Devices: ~120 (detectors, strobes, pulls stations)
- Interface with building system

Rough Cost Estimate:

1. Materials:
- Lighting Fixtures & Controls: $175,000
- Distribution Equipment: $85,000
- Branch Circuit Materials: $65,000
- Fire Alarm System: $45,000
- Misc Materials: $25,000
Subtotal Materials: $395,000

2. Labor:
- Electricians: 3,200 hours @ $85/hr = $272,000
- Apprentices: 2,400 hours @ $45/hr = $108,000
Subtotal Labor: $380,000

3. Additional Costs:
- Permits/Inspections: $12,000
- Project Management: $45,000
- Testing/Programming: $18,000
- As-Built Documentation: $5,000
Subtotal Additional: $80,000

Total Estimated Cost: $855,000
Add 10% Contingency: $85,500

Final Estimate: $940,500

This estimate includes typical markups for overhead and profit but may need adjustment based on local market conditions and specific requirements.

Would you like me to break down any particular category in more detail?