Based on the electrical drawings provided, I'll help create a detailed electrical estimate for this project. Here's a comprehensive breakdown:

KEY PROJECT DETAILS:

- Commercial restaurant/bar space with kitchen and event areas
- Two-story building with mezzanine
- Multiple dining areas, bar areas, and kitchen spaces
- Extensive lighting and power requirements
- Fire alarm system throughout
- Network lighting controls

QUANTITY TAKEOFF:

Lighting:

- Interior Downlights: 106 units
- Adjustable Downlights: 14 units
- 2x2 Troffers: 61 units
- 1x4 Troffers: 3 units
- LED Striplights: 13 units (4' and 8')
- Vanity Lights: 14 units
- Tape Light: ~24 linear feet
- Track Lighting: 61 heads
- Emergency Battery Units: 91 units
- Exit Signs: 36 units

Power Distribution:

- Main Distribution Panel (600A)
- Panel K1 (250A)
- Panel K2 (400A)
- Panel KH (100A)
- Panel 1A (400A)
- Two Emergency Inverters
- Numerous circuit breakers and feeders

Branch Circuitry:

- Kitchen Equipment Connections: ~50 units
- HVAC Equipment Connections: ~15 units
- General Receptacles: ~150 units
- Specialty Outlets: ~25 units

Fire Alarm:

- Fire Alarm Control Panel
- Pull Stations: ~10 units
- Smoke Detectors: ~30 units
- Horn/Strobe Units: ~25 units
- Duct Detectors: ~8 units

ESTIMATED COSTS:

Materials: $175,000

- Lighting Fixtures: $65,000
- Distribution Equipment: $45,000
- Branch Circuit Materials: $35,000
- Fire Alarm Equipment: $30,000

Labor: $225,000

- Lighting Installation: $60,000
- Power Distribution: $65,000
- Branch Circuits: $60,000
- Fire Alarm: $40,000

Equipment/Overhead: $50,000

- Lifts/Scaffolding: $15,000
- Tools/Equipment: $10,000
- Project Management: $25,000

Subtotal: $450,000
Profit (15%): $67,500
Contingency (10%): $45,000

TOTAL ESTIMATED BID: $562,500

This estimate includes:

- All materials and labor
- Permits and inspections
- Project management
- Testing and commissioning
- 1-year warranty
- As-built documentation

Let me know if you need any clarification or additional detail for specific areas of the estimate.
