Based on the provided electrical drawings, I'll help create a detailed electrical estimate for this restaurant/event space project. Here's the breakdown:

KEY PROJECT DETAILS:
- Two-story restaurant/event space
- Service entrance: 600A, 120/208V, 3-phase
- Multiple panel boards (MDP, 1A, K1, K2, KH)
- Complex lighting and controls system
- Commercial kitchen equipment power
- Fire alarm system
- Emergency lighting/power systems

MATERIAL QUANTITIES:
Lighting:
- 106 4" Round downlights
- 14 Adjustable downlights 
- 61 2x2 Troffers
- 3 1x4 Troffers
- 13 LED striplights
- 14 Vanity lights
- 24 Tape light runs
- 61 Track lights
- 41 Exterior pendants
- 16 Wall sconces
- Various decorative fixtures
- 91 Emergency battery lights
- 36 Exit signs

Power Distribution:
- 1 600A Main Distribution Panel
- 4 Branch panels
- ~250 receptacles
- ~40 dedicated equipment connections
- Multiple disconnects/starters

Systems:
- Complete addressable fire alarm system
- Network lighting control system
- Emergency lighting inverters

ESTIMATED COSTS:

Materials: $425,000
- Lighting fixtures/controls: $175,000
- Distribution equipment: $85,000
- Branch circuit materials: $75,000
- Fire alarm system: $45,000
- Misc materials: $45,000

Labor: $385,000
- Lighting installation: $125,000
- Power distribution: $145,000
- Systems installation: $75,000
- Testing/programming: $40,000

Other: $90,000
- Permits/fees: $15,000
- Project management: $35,000
- Documentation: $15,000
- Testing/commissioning: $25,000

Total Estimated Cost: $900,000

The estimate includes standard contractor overhead and profit margins. Let me know if you need any specific aspects broken down further.