Based on the provided electrical drawing set, I'll create a detailed electrical estimate. Here's my analysis:

Key Project Details:
- Commercial restaurant/bar space
- Two-story building with dining areas, kitchen, bar, and event spaces
- 208Y/120V electrical service
- Extensive lighting and power requirements for kitchen equipment
- Fire alarm system throughout
- Network lighting control system

Detailed Estimate Breakdown:

1. Distribution Equipment:
- Main Distribution Panel (600A)
- (3) Branch Panels (400A & 250A)
- Power and Lighting Panel (100A) 
Subtotal: $45,000

2. Lighting:
- Interior LED downlights (106 units)
- Track lighting (61 units)
- Decorative pendants (27 units)
- Emergency lighting & exit signs (127 units)
- Lighting controls & sensors
Subtotal: $125,000

3. Branch Circuit Wiring:
- MC Cable & EMT conduit
- Wire (estimate 85,000 ft total)
- Boxes & supports
Subtotal: $95,000

4. Kitchen Power:
- Equipment connections
- Dedicated circuits
- Special receptacles
Subtotal: $65,000

5. General Power:
- Receptacles 
- Equipment connections
- Floor boxes
Subtotal: $55,000

6. Fire Alarm System:
- Control panel & devices
- Voice evacuation
- Integration with building system
Subtotal: $85,000

7. Labor:
- Electricians (4,800 hours @ $85/hr)
- Apprentices (2,400 hours @ $45/hr)
Subtotal: $516,000

8. Project Management/Overhead:
- Project management 
- Engineering
- Permits & inspections
- As-built documentation
Subtotal: $95,000

9. Testing & Startup:
- System testing
- Programming
- Training
Subtotal: $25,000

10. Contingency (10%): $110,600

Total Estimated Cost: $1,216,600

Additional Notes:
- Estimate includes materials, labor, overhead and profit
- Pricing based on current market rates
- Includes full testing and commissioning
- 1-year warranty on parts and labor
- Excludes utility company charges
- Assumes normal working hours
- Includes coordination with other trades