Based on the electrical drawings provided, I'll help create a detailed electrical estimate for this restaurant/venue project. Here's my analysis:

KEY PROJECT DETAILS:
- Project Name: Lot 10 - LaVista City Centre
- Location: 7878 Main St, Suite D, La Vista, NE 68128
- Project Type: Restaurant/Event Space
- Area: Approximately 20,000-25,000 sq ft over two floors

MAJOR ELECTRICAL SYSTEMS:
1. Power Distribution:
- Main Distribution Panel (MDP) 600A, 120/208V, 3-phase
- Multiple branch panels (K1, K2, 1A, KH)
- Surge protection devices
- Emergency power inverters

2. Lighting:
- LED downlights, track lighting, decorative fixtures
- Emergency lighting and exit signs
- Network lighting controls with occupancy sensors
- Theatrical lighting system

3. Kitchen Equipment Power:
- Multiple cooking equipment connections
- Walk-in cooler/freezer connections
- Bar equipment power

4. Special Systems:
- Fire alarm system
- Audio/visual infrastructure
- Security/access control rough-ins
- Communications infrastructure

DETAILED ESTIMATE BREAKDOWN:

1. Materials:
- Distribution Equipment: $45,000
- Branch Circuit Panelboards: $25,000
- Circuit Breakers: $15,000
- Conduit & Wire: $85,000
- Light Fixtures: $120,000
- Lighting Controls: $35,000
- Devices & Boxes: $30,000
- Fire Alarm System: $40,000
- Special Systems Raceways: $20,000
Subtotal Materials: $415,000

2. Labor:
- Rough-in: 2,800 hours
- Fixture Installation: 1,200 hours
- Equipment Connections: 800 hours
- System Installation: 1,000 hours
Total Hours: 5,800 @ $85/hr = $493,000

3. Additional Costs:
- Permits & Inspections: $12,000
- Project Management: $45,000
- Engineering & Submittals: $25,000
- Testing & Commissioning: $18,000
- Equipment Rental: $15,000
- As-Built Documentation: $8,000
Subtotal Additional: $123,000

4. Overhead & Profit:
- Overhead (15%): $154,650
- Profit (10%): $118,565

TOTAL ESTIMATED COST: $1,304,215

SCHEDULE OF WORK:
Phase 1 (Weeks 1-4):
- Rough-in underground
- Main distribution equipment
- Branch circuit rough-in

Phase 2 (Weeks 5-8):
- Lighting rough-in
- Device rough-in
- Equipment connections

Phase 3 (Weeks 9-12):
- Fixture installation
- Device installation
- Systems installation

Phase 4 (Weeks 13-14):
- Testing & commissioning
- Punchlist completion

This estimate includes a 10% contingency and assumes normal working conditions with no unforeseen circumstances. Prices are based on current market conditions and may need adjustment based on material availability and market fluctuations.
