Based on the electrical drawings provided, I'll create a detailed electrical estimate for this restaurant project. Here's the comprehensive breakdown:

PROJECT DETAILS:
- Project Name: Lot 10 - LaVista City Centre
- Location: 7878 Main St, Suite D, La Vista, NE 68128
- Project Type: Restaurant/Bar with Event Space
- Square Footage: Approximately 23,743 SF

MATERIAL QUANTITIES:

Lighting:
- Interior LED Downlights (Type 1): 106 units
- Adjustable Downlights (Type 2): 14 units
- 2x2 Troffers (Type 3): 61 units
- 1x4 Troffers (Type 4): 3 units
- LED Striplights: 13 units
- Vanity Lights: 14 units
- Track Lighting: 61 units
- Decorative Pendants: 19 units
- Emergency Battery Lights: 91 units
- Exit Signs: 36 units

Power Distribution:
- Main Distribution Panel (600A)
- Panel K1 (250A)
- Panel K2 (400A)
- Panel KH (100A)
- Panel 1A (400A)
- Emergency Lighting Inverters: 2

Branch Circuits:
- 120V Receptacle Circuits: ~150
- 208V Equipment Circuits: ~50
- Lighting Circuits: ~40

Fire Alarm System:
- FACP with voice evacuation
- Smoke Detectors: ~40
- Pull Stations: ~12
- Horn/Strobe Units: ~50
- Door Holders: ~15

LABOR ESTIMATE:
- Electricians: 2,800 hours
- Helpers: 2,000 hours

DETAILED COST BREAKDOWN:

1. Materials:
- Lighting Fixtures: $145,000
- Distribution Equipment: $85,000
- Branch Circuit Materials: $65,000
- Fire Alarm System: $45,000
- Misc Materials: $25,000
Subtotal Materials: $365,000

2. Labor:
- Electricians (2,800 hrs @ $75/hr): $210,000
- Helpers (2,000 hrs @ $45/hr): $90,000
Subtotal Labor: $300,000

3. Equipment/Tools: $25,000

4. Permits/Inspections: $12,000

5. Project Management: $45,000

6. As-Built Documentation: $8,000

7. Testing/Commissioning: $15,000

8. Overhead (15%): $115,500

9. Profit (10%): $88,550

TOTAL ESTIMATED COST: $974,050

SCHEDULE OF WORK:
1. Rough-in (6 weeks)
2. Equipment Installation (4 weeks)
3. Fixture Installation (3 weeks)
4. Device Installation (2 weeks)
5. Testing/Commissioning (1 week)
Total Duration: 16 weeks

This estimate includes:
- All required electrical installation per drawings
- Code-compliant materials and installation
- Testing and certification
- One-year warranty on installation
- Project management and supervision
- Required permits and inspections

Notes:
1. Prices based on current market conditions
2. Assumes normal working hours
3. Excludes any hazardous material remediation
4. Subject to final equipment selections

Would you like me to provide additional detail in any particular area?
