Based on the electrical drawings provided, I'll create a detailed electrical estimate for this restaurant project. Here's the comprehensive breakdown:

PROJECT DETAILS:
- Project Name: Lot 10 - LaVista City Centre
- Location: 7878 Main St, Suite D, La Vista, NE 68128
- Project Type: Restaurant/Bar Build-Out

KEY QUANTITIES:

Lighting:
- LED Downlights: 120 units
- Track Lighting: 61 fixtures
- Linear LED strips: 13 runs
- Decorative pendants: 19 units
- Emergency lighting units: 91
- Exit signs: 36 units

Power Distribution:
- Main Distribution Panel (MDP): 600A
- Panel K1: 250A
- Panel K2: 400A
- Panel KH: 100A
- Panel 1A: 400A
- 2 Emergency Inverters

Branch Circuit Components:
- Receptacles: ~200 units
- GFCI receptacles: ~75 units
- Switches/dimmers: ~50 units
- Junction boxes: ~300 units

Fire Alarm System:
- FACP with voice evacuation
- ~40 smoke detectors
- ~25 speaker/strobes
- ~15 pull stations
- ~10 duct detectors

ESTIMATED COSTS:

Materials:
1. Lighting: $85,000
2. Power Distribution: $45,000
3. Branch Circuit Materials: $65,000
4. Fire Alarm System: $40,000
5. Low Voltage Systems: $25,000
Subtotal Materials: $260,000

Labor:
1. Lighting Installation: $65,000
2. Power Distribution: $40,000
3. Branch Circuit Installation: $85,000
4. Fire Alarm Installation: $35,000
5. Low Voltage Installation: $20,000
Subtotal Labor: $245,000

Other Costs:
1. Permits & Inspections: $8,500
2. Project Management: $25,000
3. Testing & Documentation: $12,000
4. Overhead & Profit (15%): $82,575
Subtotal Other: $128,075

Total Estimated Cost: $633,075

SCHEDULE:
- Duration: 16 weeks
- Major milestones:
  - Rough-in: Weeks 1-6
  - Equipment installation: Weeks 4-10
  - Trim-out: Weeks 8-14
  - Testing & Commissioning: Weeks 14-16

This estimate includes all electrical work shown in the drawings, including lighting, power, fire alarm, and low voltage systems. The estimate assumes normal working conditions and typical material/labor costs for the Omaha area.
